FC              = mpiifort
FC77            = mpiifort
LD              = mpiifort
CC              = mpicc
AR              = ar
MOD_ESMF        = /discover/nobackup/projects/lis/libs/sles-15.4/esmf/8.5.0_intel-2023.2.1_impi-2021.11/mod/modO/Linux.intel.64.intelmpi.default
LIB_ESMF        = /discover/nobackup/projects/lis/libs/sles-15.4/esmf/8.5.0_intel-2023.2.1_impi-2021.11/lib/libO/Linux.intel.64.intelmpi.default
INC_JPEG2000      = /discover/nobackup/projects/lis/libs/sles-15.4/openjpeg/2.3.0-150000.3.13.1.x86_64/usr/include/
LIB_JPEG2000      = /discover/nobackup/projects/lis/libs/sles-15.4/openjpeg/2.3.0-150000.3.13.1.x86_64/usr/lib/
INC_ECCODES     = /discover/nobackup/projects/lis/libs/sles-15.4/eccodes/2.32.0_intel-2023.2.1/include/
LIB_ECCODES     = /discover/nobackup/projects/lis/libs/sles-15.4/eccodes/2.32.0_intel-2023.2.1/lib/
INC_NETCDF      = /discover/nobackup/projects/lis/libs/sles-15.4/netcdf/4.9.2_intel-2023.2.1/include/
LIB_NETCDF      = /discover/nobackup/projects/lis/libs/sles-15.4/netcdf/4.9.2_intel-2023.2.1/lib/
INC_HDF4        = 
LIB_HDF4        = 
INC_HDF5        = /discover/nobackup/projects/lis/libs/sles-15.4/hdf5/1.14.2_intel-2023.2.1/include/
LIB_HDF5        = /discover/nobackup/projects/lis/libs/sles-15.4/hdf5/1.14.2_intel-2023.2.1/lib/
INC_HDFEOS      = 
LIB_HDFEOS      = 
LIB_MINPACK     = 
INC_CRTM        = 
LIB_CRTM        = 
INC_PROF_UTIL   = 
LIB_PROF_UTIL   = 
INC_CMEM        = 
LIB_CMEM        = 
LIB_LAPACK      = 
INC_PETSC       = 
LIB_PETSC       = 
CFLAGS          = -c  -g -O0 -traceback -DIFC -DLINUX -DLIS_JULES
FFLAGS77        = -c  -g -O0 -traceback -nomixed-str-len-arg -names lowercase -convert big_endian -assume byterecl -DSPMD -DHIDE_SHR_MSG -DNO_SHR_VMATH -DIFC -DLINUX -I$(MOD_ESMF) -DUSE_INCLUDE_MPI -I$(INC_ECCODES) -I$(INC_NETCDF) -I$(INC_HDF5) -DLIS_JULES
FFLAGS          = -c  -g -O0 -u -traceback -fpe0 -nomixed-str-len-arg -names lowercase -convert big_endian -assume byterecl -DSPMD -DHIDE_SHR_MSG -DNO_SHR_VMATH -DIFC -DLINUX -I$(MOD_ESMF) -DUSE_INCLUDE_MPI -I$(INC_ECCODES) -I$(INC_NETCDF) -I$(INC_HDF5) -DLIS_JULES
LDFLAGS         =  -L$(LIB_ESMF) -lesmf -lstdc++ -limf -lrt -lmpi -L$(LIB_ECCODES) -leccodes_f90 -leccodes -L$(LIB_JPEG2000) -lopenjp2 -L$(LIB_NETCDF) -lnetcdff -lnetcdf -L$(LIB_HDF5) -lhdf5_fortran -lhdf5_hl -lhdf5 -lz
LIS_LIB_FLAGS   = -lesmf -lstdc++ -limf -lrt -leccodes_f90 -leccodes -lopenjp2 -lnetcdff -lnetcdf -lhdf5_fortran -lhdf5_hl -lhdf5
LIS_LIB_PATHS   = -L$(LIB_ESMF) -L$(LIB_ECCODES) -L$(LIB_JPEG2000) -L$(LIB_NETCDF) -L$(LIB_HDF5)
